<?xml version="1.0" encoding="UTF-8"?>
<!-- Generated by org.testng.reporters.JUnitReportReporter -->
<testsuite hostname="Javiers-MacBook-Pro.local" failures="0" tests="1" name="org.selenium.pom.MyFirstTestCaseDisneyPlus" time="37.719" errors="0" timestamp="2021-10-21T09:59:06 CDT" skipped="0">
  <testcase classname="org.selenium.pom.MyFirstTestCaseDisneyPlus" name="CheckStreaming" time="37.719"/>
  <system-out/>
</testsuite> <!-- org.selenium.pom.MyFirstTestCaseDisneyPlus -->
