<?xml version="1.0" encoding="UTF-8"?>
<!-- Generated by org.testng.reporters.JUnitReportReporter -->
<testsuite hostname="Javiers-MacBook-Pro.local" failures="0" tests="1" name="org.selenium.pom.MyFirstTestCase" time="9.642" errors="0" timestamp="2021-10-18T16:38:00 CDT" skipped="0">
  <testcase classname="org.selenium.pom.MyFirstTestCase" name="CheckAccount" time="9.642"/>
  <system-out/>
</testsuite> <!-- org.selenium.pom.MyFirstTestCase -->
